<?xml version="1.0" encoding="UTF-8"?>
<testng-results skipped="0" failed="0" total="0" passed="0">
  <reporter-output>
  </reporter-output>
  <suite name="com.jselmser.LDS.Automation.AppTest" duration-ms="5" started-at="2015-12-22T16:17:50Z" finished-at="2015-12-22T16:17:50Z">
    <groups>
    </groups>
    <test name="Command line test" duration-ms="5" started-at="2015-12-22T16:17:50Z" finished-at="2015-12-22T16:17:50Z">
    </test> <!-- Command line test -->
  </suite> <!-- com.jselmser.LDS.Automation.AppTest -->
</testng-results>
